<?xml version="1.0" encoding="UTF-8"?>
<!-- Generated by org.testng.reporters.JUnitXMLReporter -->
<testsuite ignored="0" hostname="MSI" failures="0" tests="7" name="Default test" time="138.581" errors="0" timestamp="2024-01-12T13:07:03 IST">
  <testcase classname="TestCases.LoginTest" name="adminUserLoginTest" time="2.54"/>
  <testcase classname="TestCases.LoginTest" name="employeeUserLoginTest" time="2.777"/>
  <testcase classname="TestCases.LoginTest" name="supervisorUserLoginTest" time="2.914"/>
  <testcase classname="TestCases.LoginTest" name="reviewerUserLoginTest" time="2.848"/>
  <testcase classname="TestCases.LoginTest" name="loginWithWrongPassword" time="2.797"/>
  <testcase classname="TestCases.LoginTest" name="loginWithWrongUserName" time="2.675"/>
  <testcase classname="TestCases.LoginTest" name="loginTestForInactiveUsers" time="3.493"/>
</testsuite> <!-- Default test -->
