<?xml version="1.0" encoding="UTF-8"?>
<testng-results ignored="0" total="1" passed="1" failed="0" skipped="0">
  <reporter-output>
  </reporter-output>
  <suite started-at="2024-01-08T17:13:49 IST" name="Default suite" finished-at="2024-01-08T17:13:52 IST" duration-ms="2941">
    <groups>
    </groups>
    <test started-at="2024-01-08T17:13:49 IST" name="Default test" finished-at="2024-01-08T17:13:52 IST" duration-ms="2941">
      <class name="TestCases.LoginTest">
        <test-method is-config="true" signature="browserConfiguration()[pri:0, instance:TestCases.LoginTest@413d1baf]" started-at="2024-01-08T17:13:49 IST" name="browserConfiguration" finished-at="2024-01-08T17:13:49 IST" duration-ms="8" status="PASS">
          <reporter-output>
          </reporter-output>
        </test-method> <!-- browserConfiguration -->
        <test-method signature="testThePage()[pri:0, instance:TestCases.LoginTest@413d1baf]" started-at="2024-01-08T17:13:49 IST" name="testThePage" finished-at="2024-01-08T17:13:52 IST" duration-ms="2904" status="PASS">
          <reporter-output>
          </reporter-output>
        </test-method> <!-- testThePage -->
      </class> <!-- TestCases.LoginTest -->
    </test> <!-- Default test -->
  </suite> <!-- Default suite -->
</testng-results>
